lr 	|	 lr_factor 	|	 wd 	|	 acc_0 	|	 acc_1 	|	 acc_2 	|	 acc_3 	|	 acc_4

0.0038, 	 0.75, 	 0.0007591999999999999, 	|	 0.13494, 	|	 0.44277, 	|	 0.33767, 	|	 0.08086, 	|	 0.00376
0.0086, 	 0.45, 	 0.0002988, 	|	 0.02954, 	|	 0.13894, 	|	 0.28909, 	|	 0.36235, 	|	 0.18008
0.006900000000000001, 	 0.7, 	 0.0008638, 	|	 0.84492, 	|	 0.14563, 	|	 0.00889, 	|	 0.00056, 	|	 0.00000
0.0037, 	 0.8, 	 0.0003384, 	|	 0.00269, 	|	 0.04148, 	|	 0.16758, 	|	 0.26052, 	|	 0.52773
0.0099, 	 0.95, 	 0.0004184, 	|	 0.75784, 	|	 0.21941, 	|	 0.02185, 	|	 0.00090, 	|	 0.00000
0.0001, 	 0.65, 	 0.0001758, 	|	 0.01951, 	|	 0.06960, 	|	 0.16084, 	|	 0.34023, 	|	 0.40981
0.0023, 	 0.55, 	 0.0009021999999999999, 	|	 0.19949, 	|	 0.45103, 	|	 0.29561, 	|	 0.05117, 	|	 0.00271
0.008700000000000001, 	 0.35000000000000003, 	 0.0002654, 	|	 0.01709, 	|	 0.09756, 	|	 0.24136, 	|	 0.37285, 	|	 0.27114
0.006200000000000001, 	 0.95, 	 0.000328, 	|	 0.05757, 	|	 0.16501, 	|	 0.29680, 	|	 0.32402, 	|	 0.15659
0.0019, 	 0.6000000000000001, 	 0.0004236, 	|	 0.00032, 	|	 0.02578, 	|	 0.13562, 	|	 0.25850, 	|	 0.57979
0.005, 	 0.7, 	 0.000494, 	|	 0.03372, 	|	 0.18284, 	|	 0.35125, 	|	 0.31724, 	|	 0.11497
0.0031000000000000003, 	 0.75, 	 8.56e-05, 	|	 0.00032, 	|	 0.00583, 	|	 0.04241, 	|	 0.11572, 	|	 0.83572
0.0074, 	 0.30000000000000004, 	 0.0008964, 	|	 0.85234, 	|	 0.13945, 	|	 0.00779, 	|	 0.00042, 	|	 0.00000
0.0035, 	 0.95, 	 0.0006437999999999999, 	|	 0.01826, 	|	 0.15535, 	|	 0.36514, 	|	 0.35610, 	|	 0.10515
0.0008, 	 0.9000000000000001, 	 0.00021899999999999998, 	|	 0.00020, 	|	 0.00798, 	|	 0.07415, 	|	 0.18394, 	|	 0.73374
0.0011, 	 0.8, 	 0.00020219999999999998, 	|	 0.00049, 	|	 0.00913, 	|	 0.07266, 	|	 0.18867, 	|	 0.72905
0.0015, 	 0.6000000000000001, 	 0.0004026, 	|	 0.00071, 	|	 0.02390, 	|	 0.11423, 	|	 0.25083, 	|	 0.61033
0.0014, 	 0.9000000000000001, 	 0.00035099999999999997, 	|	 0.00044, 	|	 0.01626, 	|	 0.10945, 	|	 0.23081, 	|	 0.64304
0.0063, 	 0.8, 	 0.000347, 	|	 0.01162, 	|	 0.07908, 	|	 0.23074, 	|	 0.36121, 	|	 0.31736
0.0055000000000000005, 	 0.65, 	 0.0007272, 	|	 0.40361, 	|	 0.41680, 	|	 0.15957, 	|	 0.01951, 	|	 0.00051
0.0092, 	 0.7, 	 7.999999999999999e-05, 	|	 0.00679, 	|	 0.02273, 	|	 0.07500, 	|	 0.22388, 	|	 0.67161
0.006200000000000001, 	 0.5, 	 0.00023659999999999998, 	|	 0.00767, 	|	 0.05540, 	|	 0.17329, 	|	 0.29712, 	|	 0.46653
0.0006000000000000001, 	 0.65, 	 0.000108, 	|	 0.00056, 	|	 0.00937, 	|	 0.06692, 	|	 0.15999, 	|	 0.76316
0.0012000000000000001, 	 0.45, 	 0.0009431999999999999, 	|	 0.00176, 	|	 0.06343, 	|	 0.21299, 	|	 0.41709, 	|	 0.30474
0.008700000000000001, 	 0.2, 	 0.0002792, 	|	 0.06689, 	|	 0.23542, 	|	 0.36899, 	|	 0.25647, 	|	 0.07222
0.0057, 	 0.55, 	 0.0004698, 	|	 0.02688, 	|	 0.16013, 	|	 0.35596, 	|	 0.34014, 	|	 0.11689
0.0053, 	 0.5, 	 0.0008058, 	|	 0.57056, 	|	 0.36011, 	|	 0.06543, 	|	 0.00369, 	|	 0.00022
0.005, 	 0.25, 	 0.0009148, 	|	 0.84321, 	|	 0.14932, 	|	 0.00747, 	|	 0.00000, 	|	 0.00000
0.0051, 	 0.30000000000000004, 	 0.0001456, 	|	 0.00330, 	|	 0.02964, 	|	 0.12505, 	|	 0.24570, 	|	 0.59631
0.0043, 	 0.6000000000000001, 	 0.00029099999999999997, 	|	 0.00256, 	|	 0.05393, 	|	 0.18369, 	|	 0.28879, 	|	 0.47102
0.0037, 	 0.8500000000000001, 	 0.0002502, 	|	 0.00056, 	|	 0.02996, 	|	 0.16086, 	|	 0.25791, 	|	 0.55071
0.008400000000000001, 	 0.8500000000000001, 	 0.0001924, 	|	 0.00737, 	|	 0.05334, 	|	 0.17278, 	|	 0.29531, 	|	 0.47119
0.009600000000000001, 	 0.7, 	 0.0001458, 	|	 0.00625, 	|	 0.03979, 	|	 0.14014, 	|	 0.28110, 	|	 0.53271
0.0037, 	 0.8500000000000001, 	 0.00039319999999999996, 	|	 0.00393, 	|	 0.05928, 	|	 0.18313, 	|	 0.31375, 	|	 0.43992
0.0009000000000000001, 	 0.55, 	 0.00011999999999999999, 	|	 0.00027, 	|	 0.01064, 	|	 0.06626, 	|	 0.15718, 	|	 0.76565
0.0023, 	 0.55, 	 0.0005193999999999999, 	|	 0.00461, 	|	 0.07056, 	|	 0.20808, 	|	 0.36201, 	|	 0.35474
0.0049, 	 0.4, 	 0.0002396, 	|	 0.00396, 	|	 0.04539, 	|	 0.15981, 	|	 0.28589, 	|	 0.50496
0.0033, 	 0.30000000000000004, 	 0.000857, 	|	 0.19216, 	|	 0.45125, 	|	 0.30615, 	|	 0.04946, 	|	 0.00098
0.0055000000000000005, 	 0.5, 	 0.0006022, 	|	 0.09800, 	|	 0.37393, 	|	 0.38274, 	|	 0.13132, 	|	 0.01401
